use cuda: False
use mps: False
Namespace(train_epochs=130, save_dir='./outputs/result', hidden_dimsV=[64, 32], hidden_dims=[32, 10], heads=[4, 4], tlr=0.01, lambda1=0.0005, lambda2=1, cuda=False, mps=False)
Number of Samples: 3798
Views: 4
VIEW-0 DateSize: 3798 * 1000 
VIEW-1 DateSize: 3798 * 1000 
VIEW-2 DateSize: 3798 * 1000 
VIEW-3 DateSize: 3798 * 1000 
VIEW-0 Edges: 38952 
VIEW-1 Edges: 61832 
VIEW-2 Edges: 38952 
VIEW-3 Edges: 36546 
Mutual Information Matrix Size:  (3798, 22)
20
Training Start
Epoch: 05 | GAE-Loss: 1.02876 + 0.01525 + 0.01393 =  1.05794| GE-Loss: 0.00327  =  0.00327 | Time: 33.29
ari0.17020617657762593
[0.01, 0.01, 0.01, 0.01, 0.01]
Epoch: 10 | GAE-Loss: 0.98176 + 0.01525 + 0.18556 =  1.18258| GE-Loss: 0.00331  =  0.00331 | Time: 54.54
ari0.19900019931445692
[0.01, 0.01, 0.01, 0.01, 0.01]
Epoch: 15 | GAE-Loss: 0.95453 + 0.01526 + 0.18085 =  1.15063| GE-Loss: 0.00314  =  0.00314 | Time: 73.35
ari0.17374801102811774
[0.01, 0.01, 0.01, 0.01, 0.01]
Epoch: 20 | GAE-Loss: 0.95001 + 0.01526 + 0.24297 =  1.20824| GE-Loss: 0.00307  =  0.00307 | Time: 91.20
ari0.21342476349415657
[0.01, 0.01, 0.01, 0.01, 0.01]
Epoch: 25 | GAE-Loss: 0.94294 + 0.01526 + 0.24090 =  1.19910| GE-Loss: 0.00307  =  0.00307 | Time: 111.11
ari0.2276831740966092
[0.01, 0.01, 0.01, 0.01, 0.01]
Epoch: 30 | GAE-Loss: 0.93477 + 0.01526 + 0.23946 =  1.18949| GE-Loss: 0.00306  =  0.00306 | Time: 135.33
ari0.2701611591941155
[0.01, 0.01, 0.01, 0.01, 0.01]
Epoch: 35 | GAE-Loss: 0.93004 + 0.01527 + 0.25696 =  1.20226| GE-Loss: 0.00304  =  0.00304 | Time: 162.33
ari0.28695408202552103
[0.01, 0.01, 0.01, 0.01, 0.01]
Epoch: 40 | GAE-Loss: 0.92736 + 0.01527 + 0.26854 =  1.21117| GE-Loss: 0.00303  =  0.00303 | Time: 189.43
ari0.31248812734531045
[0.01, 0.01, 0.01, 0.01, 0.01]
Epoch: 45 | GAE-Loss: 0.92404 + 0.01527 + 0.26281 =  1.20212| GE-Loss: 0.00302  =  0.00302 | Time: 214.28
ari0.3261400749233757
[0.01, 0.01, 0.01, 0.01, 0.01]
Epoch: 50 | GAE-Loss: 0.92004 + 0.01527 + 0.26830 =  1.20361| GE-Loss: 0.00302  =  0.00302 | Time: 241.65
ari0.33646583783564205
[0.01, 0.01, 0.01, 0.01, 0.01]
Epoch: 55 | GAE-Loss: 0.91431 + 0.01527 + 0.29851 =  1.22808| GE-Loss: 0.00301  =  0.00301 | Time: 266.47
ari0.35282647061180084
[0.01, 0.01, 0.01, 0.01, 0.01]
Epoch: 60 | GAE-Loss: 0.91071 + 0.01527 + 0.33304 =  1.25902| GE-Loss: 0.00300  =  0.00300 | Time: 291.87
ari0.4079195252556755
[0.01, 0.01, 0.01, 0.01, 0.01]
Epoch: 65 | GAE-Loss: 0.90095 + 0.01527 + 0.31671 =  1.23293| GE-Loss: 0.00300  =  0.00300 | Time: 316.37
ari0.4919068441019259
[0.01, 0.01, 0.01, 0.01, 0.01]
Epoch: 70 | GAE-Loss: 0.88875 + 0.01527 + 0.37822 =  1.28225| GE-Loss: 0.00300  =  0.00300 | Time: 343.01
ari0.5465277773179664
[0.01, 0.01, 0.01, 0.01, 0.01]
Epoch: 75 | GAE-Loss: 0.88536 + 0.01527 + 0.40083 =  1.30146| GE-Loss: 0.00300  =  0.00300 | Time: 364.22
ari0.5699986762174927
[0.01, 0.01, 0.01, 0.01, 0.01]
Epoch: 80 | GAE-Loss: 0.88288 + 0.01527 + 0.37972 =  1.27787| GE-Loss: 0.00300  =  0.00300 | Time: 387.01
ari0.5841858913920809
[0.01, 0.01, 0.01, 0.01, 0.01]
Epoch: 85 | GAE-Loss: 0.87951 + 0.01527 + 0.39804 =  1.29283| GE-Loss: 0.00300  =  0.00300 | Time: 412.00
ari0.5950469149662104
[0.01, 0.01, 0.01, 0.01, 0.01]
Epoch: 90 | GAE-Loss: 0.87546 + 0.01527 + 0.39360 =  1.28434| GE-Loss: 0.00300  =  0.00300 | Time: 438.33
ari0.598227688534635
[0.01, 0.01, 0.01, 0.01, 0.01]
Epoch: 95 | GAE-Loss: 0.86980 + 0.01527 + 0.42341 =  1.30848| GE-Loss: 0.00300  =  0.00300 | Time: 462.19
ari0.5777096363097508
[0.01, 0.01, 0.01, 0.01, 0.01]
Epoch: 100 | GAE-Loss: 0.86588 + 0.01527 + 0.41620 =  1.29735| GE-Loss: 0.00300  =  0.00300 | Time: 483.04
ari0.6330500796134946
[0.01, 0.01, 0.01, 0.01, 0.01]
Epoch: 105 | GAE-Loss: 0.86179 + 0.01527 + 0.42201 =  1.29906| GE-Loss: 0.00299  =  0.00299 | Time: 506.07
ari0.6550407811670043
[0.01, 0.01, 0.01, 0.01, 0.01]
Epoch: 110 | GAE-Loss: 0.85822 + 0.01527 + 0.40775 =  1.28124| GE-Loss: 0.00299  =  0.00299 | Time: 531.42
ari0.6774836070183272
[0.01, 0.01, 0.01, 0.01, 0.01]
Epoch: 115 | GAE-Loss: 0.85635 + 0.01527 + 0.40078 =  1.27239| GE-Loss: 0.00299  =  0.00299 | Time: 557.01
ari0.6721367404362625
[0.01, 0.01, 0.01, 0.01, 0.01]
Epoch: 120 | GAE-Loss: 0.85501 + 0.01527 + 0.40100 =  1.27129| GE-Loss: 0.00299  =  0.00299 | Time: 580.63
ari0.67410556386829
[0.01, 0.01, 0.01, 0.01, 0.01]
Epoch: 125 | GAE-Loss: 0.85392 + 0.01527 + 0.40444 =  1.27362| GE-Loss: 0.00299  =  0.00299 | Time: 604.94
ari0.6653815899409308
[0.01, 0.01, 0.01, 0.01, 0.01]
Epoch: 130 | GAE-Loss: 0.85355 + 0.01527 + 0.41486 =  1.28367| GE-Loss: 0.00299  =  0.00299 | Time: 631.68
ari0.6668908859681133
[0.01, 0.01, 0.01, 0.01, 0.01]
ari 0.67126
Number of Samples: 3798
Views: 4
VIEW-0 DateSize: 3798 * 1000 
VIEW-1 DateSize: 3798 * 1000 
VIEW-2 DateSize: 3798 * 1000 
VIEW-3 DateSize: 3798 * 1000 
VIEW-0 Edges: 38952 
VIEW-1 Edges: 61832 
VIEW-2 Edges: 38952 
VIEW-3 Edges: 36546 
Mutual Information Matrix Size:  (3798, 22)
20
Training Start
Epoch: 05 | GAE-Loss: 1.02189 + 0.01545 + 0.01458 =  1.05191| GE-Loss: 0.00326  =  0.00326 | Time: 34.49
ari0.19485391521051026
[0.01, 0.01, 0.01, 0.01, 0.01]
Epoch: 10 | GAE-Loss: 0.96004 + 0.01546 + 0.25596 =  1.23146| GE-Loss: 0.00331  =  0.00331 | Time: 61.18
ari0.25563677140837965
[0.01, 0.01, 0.01, 0.01, 0.01]
Epoch: 15 | GAE-Loss: 0.93951 + 0.01546 + 0.25173 =  1.20670| GE-Loss: 0.00314  =  0.00314 | Time: 85.28
ari0.2926281025646679
[0.01, 0.01, 0.01, 0.01, 0.01]
Epoch: 20 | GAE-Loss: 0.92684 + 0.01546 + 0.26894 =  1.21124| GE-Loss: 0.00307  =  0.00307 | Time: 109.10
ari0.33249840528999064
[0.01, 0.01, 0.01, 0.01, 0.01]
Epoch: 25 | GAE-Loss: 0.91920 + 0.01547 + 0.32157 =  1.25624| GE-Loss: 0.00308  =  0.00308 | Time: 131.24
ari0.359996289640522
[0.01, 0.01, 0.01, 0.01, 0.01]
Epoch: 30 | GAE-Loss: 0.90600 + 0.01546 + 0.29218 =  1.21365| GE-Loss: 0.00306  =  0.00306 | Time: 152.92
ari0.3934115111762842
[0.01, 0.01, 0.01, 0.01, 0.01]
Epoch: 35 | GAE-Loss: 0.90007 + 0.01546 + 0.32517 =  1.24069| GE-Loss: 0.00304  =  0.00304 | Time: 171.53
ari0.40869677917891867
[0.01, 0.01, 0.01, 0.01, 0.01]
Epoch: 40 | GAE-Loss: 0.89108 + 0.01546 + 0.30436 =  1.21091| GE-Loss: 0.00303  =  0.00303 | Time: 191.36
ari0.4377669101872196
[0.01, 0.01, 0.01, 0.01, 0.01]
Epoch: 45 | GAE-Loss: 0.88787 + 0.01546 + 0.32689 =  1.23022| GE-Loss: 0.00303  =  0.00303 | Time: 211.30
ari0.4604238080924804
[0.01, 0.01, 0.01, 0.01, 0.01]
Epoch: 50 | GAE-Loss: 0.88458 + 0.01546 + 0.32420 =  1.22424| GE-Loss: 0.00302  =  0.00302 | Time: 232.64
ari0.47603089036408636
[0.01, 0.01, 0.01, 0.01, 0.01]
Epoch: 55 | GAE-Loss: 0.88269 + 0.01546 + 0.33742 =  1.23557| GE-Loss: 0.00301  =  0.00301 | Time: 252.89
ari0.47835033400316024
[0.01, 0.01, 0.01, 0.01, 0.01]
Epoch: 60 | GAE-Loss: 0.88108 + 0.01546 + 0.32800 =  1.22454| GE-Loss: 0.00301  =  0.00301 | Time: 274.23
ari0.49899141699873273
[0.01, 0.01, 0.01, 0.01, 0.01]
Epoch: 65 | GAE-Loss: 0.87895 + 0.01546 + 0.34061 =  1.23502| GE-Loss: 0.00301  =  0.00301 | Time: 296.07
ari0.5065432889842058
[0.01, 0.01, 0.01, 0.01, 0.01]
Epoch: 70 | GAE-Loss: 0.87602 + 0.01546 + 0.34455 =  1.23603| GE-Loss: 0.00301  =  0.00301 | Time: 315.87
ari0.51678328476898
[0.01, 0.01, 0.01, 0.01, 0.01]
Epoch: 75 | GAE-Loss: 0.87112 + 0.01546 + 0.38160 =  1.26818| GE-Loss: 0.00301  =  0.00301 | Time: 337.42
ari0.5173301034250973
[0.01, 0.01, 0.01, 0.01, 0.01]
Epoch: 80 | GAE-Loss: 0.86964 + 0.01546 + 0.38649 =  1.27159| GE-Loss: 0.00301  =  0.00301 | Time: 360.28
ari0.5094702594491527
[0.01, 0.01, 0.01, 0.01, 0.01]
Epoch: 85 | GAE-Loss: 0.86792 + 0.01546 + 0.36498 =  1.24837| GE-Loss: 0.00301  =  0.00301 | Time: 383.96
ari0.5040961458023215
[0.01, 0.01, 0.01, 0.01, 0.01]
Epoch: 90 | GAE-Loss: 0.86643 + 0.01546 + 0.37076 =  1.25265| GE-Loss: 0.00301  =  0.00301 | Time: 405.82
ari0.5138376785285798
[0.01, 0.01, 0.01, 0.01, 0.01]
Epoch: 95 | GAE-Loss: 0.86594 + 0.01546 + 0.37949 =  1.26090| GE-Loss: 0.00301  =  0.00301 | Time: 432.74
ari0.5109625398370276
[0.01, 0.01, 0.01, 0.01, 0.01]
Epoch: 100 | GAE-Loss: 0.86501 + 0.01546 + 0.36727 =  1.24773| GE-Loss: 0.00301  =  0.00301 | Time: 459.12
ari0.5090858760040082
[0.01, 0.01, 0.01, 0.01, 0.01]
Epoch: 105 | GAE-Loss: 0.86374 + 0.01546 + 0.36802 =  1.24722| GE-Loss: 0.00301  =  0.00301 | Time: 487.12
ari0.5093580627073642
[0.01, 0.01, 0.01, 0.01, 0.01]
Epoch: 110 | GAE-Loss: 0.86405 + 0.01546 + 0.36831 =  1.24783| GE-Loss: 0.00301  =  0.00301 | Time: 515.90
ari0.5104431340085714
[0.01, 0.01, 0.01, 0.01, 0.01]
Epoch: 115 | GAE-Loss: 0.86336 + 0.01546 + 0.36569 =  1.24451| GE-Loss: 0.00301  =  0.00301 | Time: 542.36
ari0.5124293601770776
[0.01, 0.01, 0.01, 0.01, 0.01]
Epoch: 120 | GAE-Loss: 0.86236 + 0.01546 + 0.35347 =  1.23129| GE-Loss: 0.00301  =  0.00301 | Time: 569.39
ari0.5152702197352591
[0.01, 0.01, 0.01, 0.01, 0.01]
Epoch: 125 | GAE-Loss: 0.86082 + 0.01546 + 0.36738 =  1.24366| GE-Loss: 0.00301  =  0.00301 | Time: 598.68
ari0.5112011921241102
[0.01, 0.01, 0.01, 0.01, 0.01]
Epoch: 130 | GAE-Loss: 0.85866 + 0.01546 + 0.38223 =  1.25635| GE-Loss: 0.00301  =  0.00301 | Time: 629.06
ari0.5262569246861798
[0.01, 0.01, 0.01, 0.01, 0.01]
ari 0.52631
Number of Samples: 3798
Views: 4
VIEW-0 DateSize: 3798 * 1000 
VIEW-1 DateSize: 3798 * 1000 
VIEW-2 DateSize: 3798 * 1000 
VIEW-3 DateSize: 3798 * 1000 
VIEW-0 Edges: 38952 
VIEW-1 Edges: 61832 
VIEW-2 Edges: 38952 
VIEW-3 Edges: 36546 
Mutual Information Matrix Size:  (3798, 22)
20
Training Start
Epoch: 05 | GAE-Loss: 1.02329 + 0.01532 + 0.01008 =  1.04868| GE-Loss: 0.00325  =  0.00325 | Time: 38.67
ari0.21138159008730378
[0.01, 0.01, 0.01, 0.01, 0.01]
Epoch: 10 | GAE-Loss: 0.97355 + 0.01532 + 0.12306 =  1.11193| GE-Loss: 0.00328  =  0.00328 | Time: 67.13
ari0.2505895321130792
[0.01, 0.01, 0.01, 0.01, 0.01]
Epoch: 15 | GAE-Loss: 0.95243 + 0.01532 + 0.12676 =  1.09450| GE-Loss: 0.00312  =  0.00312 | Time: 92.32
ari0.27004379016818675
[0.01, 0.01, 0.01, 0.01, 0.01]
Epoch: 20 | GAE-Loss: 0.93521 + 0.01533 + 0.23206 =  1.18260| GE-Loss: 0.00307  =  0.00307 | Time: 121.77
ari0.2914984262562305
[0.01, 0.01, 0.01, 0.01, 0.01]
Epoch: 25 | GAE-Loss: 0.92065 + 0.01533 + 0.23620 =  1.17218| GE-Loss: 0.00307  =  0.00307 | Time: 151.71
ari0.31418118807345086
[0.01, 0.01, 0.01, 0.01, 0.01]
Epoch: 30 | GAE-Loss: 0.91391 + 0.01532 + 0.21424 =  1.14348| GE-Loss: 0.00304  =  0.00304 | Time: 177.82
ari0.32150892581326773
[0.01, 0.01, 0.01, 0.01, 0.01]
Epoch: 35 | GAE-Loss: 0.90884 + 0.01532 + 0.22410 =  1.14827| GE-Loss: 0.00301  =  0.00301 | Time: 206.77
ari0.3275654696735559
[0.01, 0.01, 0.01, 0.01, 0.01]
Epoch: 40 | GAE-Loss: 0.90577 + 0.01532 + 0.25467 =  1.17576| GE-Loss: 0.00300  =  0.00300 | Time: 236.14
ari0.35282461767707224
[0.01, 0.01, 0.01, 0.01, 0.01]
Epoch: 45 | GAE-Loss: 0.90286 + 0.01532 + 0.24767 =  1.16585| GE-Loss: 0.00299  =  0.00299 | Time: 265.25
ari0.37259133199907735
[0.01, 0.01, 0.01, 0.01, 0.01]
Epoch: 50 | GAE-Loss: 0.89944 + 0.01532 + 0.26884 =  1.18360| GE-Loss: 0.00298  =  0.00298 | Time: 293.91
ari0.3930403062733881
[0.01, 0.01, 0.01, 0.01, 0.01]
Epoch: 55 | GAE-Loss: 0.89289 + 0.01532 + 0.27351 =  1.18172| GE-Loss: 0.00297  =  0.00297 | Time: 321.08
ari0.42534093362242126
[0.01, 0.01, 0.01, 0.01, 0.01]
Epoch: 60 | GAE-Loss: 0.88727 + 0.01532 + 0.27694 =  1.17954| GE-Loss: 0.00297  =  0.00297 | Time: 348.58
ari0.4741556720148081
[0.01, 0.01, 0.01, 0.01, 0.01]
Epoch: 65 | GAE-Loss: 0.88317 + 0.01532 + 0.27690 =  1.17540| GE-Loss: 0.00297  =  0.00297 | Time: 371.94
ari0.547829051553677
[0.01, 0.01, 0.01, 0.01, 0.01]
Epoch: 70 | GAE-Loss: 0.88145 + 0.01532 + 0.27563 =  1.17241| GE-Loss: 0.00297  =  0.00297 | Time: 397.73
ari0.5599910075660662
[0.01, 0.01, 0.01, 0.01, 0.01]
Epoch: 75 | GAE-Loss: 0.87930 + 0.01532 + 0.28833 =  1.18296| GE-Loss: 0.00297  =  0.00297 | Time: 421.51
ari0.5675012908580106
[0.01, 0.01, 0.01, 0.01, 0.01]
Epoch: 80 | GAE-Loss: 0.87714 + 0.01532 + 0.29259 =  1.18506| GE-Loss: 0.00297  =  0.00297 | Time: 450.29
ari0.5759185901794914
[0.01, 0.01, 0.01, 0.01, 0.01]
Epoch: 85 | GAE-Loss: 0.87278 + 0.01532 + 0.29800 =  1.18610| GE-Loss: 0.00297  =  0.00297 | Time: 479.26
ari0.6016737722087626
[0.01, 0.01, 0.01, 0.01, 0.01]
Epoch: 90 | GAE-Loss: 0.86985 + 0.01532 + 0.32099 =  1.20616| GE-Loss: 0.00297  =  0.00297 | Time: 509.40
ari0.5954990003211953
[0.01, 0.01, 0.01, 0.01, 0.01]
Epoch: 95 | GAE-Loss: 0.86786 + 0.01532 + 0.30414 =  1.18732| GE-Loss: 0.00297  =  0.00297 | Time: 540.68
ari0.6066817437039668
[0.01, 0.01, 0.01, 0.01, 0.01]
Epoch: 100 | GAE-Loss: 0.86601 + 0.01532 + 0.31574 =  1.19708| GE-Loss: 0.00297  =  0.00297 | Time: 569.72
ari0.6009011359510115
[0.01, 0.01, 0.01, 0.01, 0.01]
Epoch: 105 | GAE-Loss: 0.86484 + 0.01532 + 0.30883 =  1.18899| GE-Loss: 0.00297  =  0.00297 | Time: 598.53
ari0.6287498814685246
[0.01, 0.01, 0.01, 0.01, 0.01]
Epoch: 110 | GAE-Loss: 0.86327 + 0.01532 + 0.31326 =  1.19185| GE-Loss: 0.00297  =  0.00297 | Time: 630.05
ari0.619953276582294
[0.01, 0.01, 0.01, 0.01, 0.01]
Epoch: 115 | GAE-Loss: 0.86029 + 0.01532 + 0.31402 =  1.18963| GE-Loss: 0.00297  =  0.00297 | Time: 661.76
ari0.6312279813544748
[0.01, 0.01, 0.01, 0.01, 0.01]
Epoch: 120 | GAE-Loss: 0.85592 + 0.01532 + 0.33677 =  1.20800| GE-Loss: 0.00297  =  0.00297 | Time: 694.34
ari0.6815058881697623
[0.01, 0.01, 0.01, 0.01, 0.01]
Epoch: 125 | GAE-Loss: 0.85487 + 0.01532 + 0.34003 =  1.21022| GE-Loss: 0.00297  =  0.00297 | Time: 729.91
ari0.6717173225846267
[0.01, 0.01, 0.01, 0.01, 0.01]
Epoch: 130 | GAE-Loss: 0.85335 + 0.01532 + 0.33700 =  1.20567| GE-Loss: 0.00297  =  0.00297 | Time: 763.57
ari0.6653355285515105
[0.01, 0.01, 0.01, 0.01, 0.01]
ari 0.69591
Number of Samples: 3798
Views: 4
VIEW-0 DateSize: 3798 * 1000 
VIEW-1 DateSize: 3798 * 1000 
VIEW-2 DateSize: 3798 * 1000 
VIEW-3 DateSize: 3798 * 1000 
VIEW-0 Edges: 38952 
VIEW-1 Edges: 61832 
VIEW-2 Edges: 38952 
VIEW-3 Edges: 36546 
Mutual Information Matrix Size:  (3798, 22)
20
Training Start
Epoch: 05 | GAE-Loss: 1.01426 + 0.01529 + 0.01969 =  1.04924| GE-Loss: 0.00327  =  0.00327 | Time: 42.05
ari0.2662062730134241
[0.01, 0.01, 0.01, 0.01, 0.01]
Epoch: 10 | GAE-Loss: 0.96648 + 0.01530 + 0.18060 =  1.16237| GE-Loss: 0.00333  =  0.00333 | Time: 79.05
ari0.28902236146152893
[0.01, 0.01, 0.01, 0.01, 0.01]
Epoch: 15 | GAE-Loss: 0.93424 + 0.01530 + 0.19439 =  1.14393| GE-Loss: 0.00315  =  0.00315 | Time: 111.58
ari0.29056777694506936
[0.01, 0.01, 0.01, 0.01, 0.01]
Epoch: 20 | GAE-Loss: 0.92057 + 0.01530 + 0.21701 =  1.15288| GE-Loss: 0.00307  =  0.00307 | Time: 140.58
ari0.30159789067334875
[0.01, 0.01, 0.01, 0.01, 0.01]
Epoch: 25 | GAE-Loss: 0.91316 + 0.01530 + 0.25565 =  1.18411| GE-Loss: 0.00308  =  0.00308 | Time: 170.03
ari0.33994570769778254
[0.01, 0.01, 0.01, 0.01, 0.01]
Epoch: 30 | GAE-Loss: 0.90970 + 0.01530 + 0.25738 =  1.18237| GE-Loss: 0.00307  =  0.00307 | Time: 196.48
ari0.37298703886721674
[0.01, 0.01, 0.01, 0.01, 0.01]
Epoch: 35 | GAE-Loss: 0.90649 + 0.01529 + 0.25135 =  1.17313| GE-Loss: 0.00305  =  0.00305 | Time: 224.36
ari0.4284565813365966
[0.01, 0.01, 0.01, 0.01, 0.01]
Epoch: 40 | GAE-Loss: 0.90325 + 0.01530 + 0.24552 =  1.16407| GE-Loss: 0.00304  =  0.00304 | Time: 251.57
ari0.4482345323459774
[0.01, 0.01, 0.01, 0.01, 0.01]
Epoch: 45 | GAE-Loss: 0.90106 + 0.01529 + 0.25538 =  1.17174| GE-Loss: 0.00303  =  0.00303 | Time: 280.03
ari0.4720751307162248
[0.01, 0.01, 0.01, 0.01, 0.01]
Epoch: 50 | GAE-Loss: 0.89837 + 0.01529 + 0.26975 =  1.18341| GE-Loss: 0.00303  =  0.00303 | Time: 306.86
ari0.5143610019775335
[0.01, 0.01, 0.01, 0.01, 0.01]
Epoch: 55 | GAE-Loss: 0.89284 + 0.01529 + 0.28683 =  1.19496| GE-Loss: 0.00302  =  0.00302 | Time: 333.84
ari0.5352374798587056
[0.01, 0.01, 0.01, 0.01, 0.01]
Epoch: 60 | GAE-Loss: 0.88710 + 0.01529 + 0.30701 =  1.20940| GE-Loss: 0.00301  =  0.00301 | Time: 360.34
ari0.5595191972916795
[0.01, 0.01, 0.01, 0.01, 0.01]
Epoch: 65 | GAE-Loss: 0.88167 + 0.01529 + 0.29331 =  1.19027| GE-Loss: 0.00301  =  0.00301 | Time: 388.51
ari0.6075626810816916
[0.01, 0.01, 0.01, 0.01, 0.01]
Epoch: 70 | GAE-Loss: 0.87617 + 0.01529 + 0.31798 =  1.20943| GE-Loss: 0.00301  =  0.00301 | Time: 414.78
ari0.6208616443178988
[0.01, 0.01, 0.01, 0.01, 0.01]
Epoch: 75 | GAE-Loss: 0.87253 + 0.01529 + 0.33845 =  1.22627| GE-Loss: 0.00301  =  0.00301 | Time: 444.08
ari0.6376955237134776
[0.01, 0.01, 0.01, 0.01, 0.01]
Epoch: 80 | GAE-Loss: 0.86999 + 0.01529 + 0.32360 =  1.20889| GE-Loss: 0.00301  =  0.00301 | Time: 470.76
ari0.6488962836597202
[0.01, 0.01, 0.01, 0.01, 0.01]
Epoch: 85 | GAE-Loss: 0.86825 + 0.01529 + 0.31836 =  1.20191| GE-Loss: 0.00301  =  0.00301 | Time: 503.23
ari0.6715632141592254
[0.01, 0.01, 0.01, 0.01, 0.01]
Epoch: 90 | GAE-Loss: 0.86748 + 0.01529 + 0.33584 =  1.21861| GE-Loss: 0.00301  =  0.00301 | Time: 534.97
ari0.678324056196019
[0.01, 0.01, 0.01, 0.01, 0.01]
Epoch: 95 | GAE-Loss: 0.86588 + 0.01529 + 0.32424 =  1.20542| GE-Loss: 0.00301  =  0.00301 | Time: 565.13
ari0.701850437007982
[0.01, 0.01, 0.01, 0.01, 0.01]
Epoch: 100 | GAE-Loss: 0.86502 + 0.01529 + 0.31372 =  1.19403| GE-Loss: 0.00300  =  0.00300 | Time: 593.05
ari0.6997100887706997
[0.01, 0.01, 0.01, 0.01, 0.01]
Epoch: 105 | GAE-Loss: 0.86410 + 0.01529 + 0.31643 =  1.19582| GE-Loss: 0.00300  =  0.00300 | Time: 633.75
ari0.7001615035045344
[0.01, 0.01, 0.01, 0.01, 0.01]
Epoch: 110 | GAE-Loss: 0.86382 + 0.01529 + 0.32618 =  1.20530| GE-Loss: 0.00300  =  0.00300 | Time: 667.08
ari0.6913035217543259
[0.01, 0.01, 0.01, 0.01, 0.01]
Epoch: 115 | GAE-Loss: 0.86288 + 0.01529 + 0.32136 =  1.19954| GE-Loss: 0.00300  =  0.00300 | Time: 699.40
ari0.701431842496101
[0.01, 0.01, 0.01, 0.01, 0.01]
Epoch: 120 | GAE-Loss: 0.86229 + 0.01530 + 0.33565 =  1.21323| GE-Loss: 0.00300  =  0.00300 | Time: 732.17
ari0.7017223883717735
[0.01, 0.01, 0.01, 0.01, 0.01]
Epoch: 125 | GAE-Loss: 0.86172 + 0.01529 + 0.34676 =  1.22377| GE-Loss: 0.00300  =  0.00300 | Time: 763.90
ari0.6945990078708485
[0.01, 0.01, 0.01, 0.01, 0.01]
Epoch: 130 | GAE-Loss: 0.86104 + 0.01529 + 0.33997 =  1.21630| GE-Loss: 0.00300  =  0.00300 | Time: 800.27
ari0.6541810570735136
[0.01, 0.01, 0.01, 0.01, 0.01]
ari 0.65222
Number of Samples: 3798
Views: 4
VIEW-0 DateSize: 3798 * 1000 
VIEW-1 DateSize: 3798 * 1000 
VIEW-2 DateSize: 3798 * 1000 
VIEW-3 DateSize: 3798 * 1000 
VIEW-0 Edges: 38952 
VIEW-1 Edges: 61832 
VIEW-2 Edges: 38952 
VIEW-3 Edges: 36546 
Mutual Information Matrix Size:  (3798, 22)
20
Training Start
Epoch: 05 | GAE-Loss: 1.02103 + 0.01541 + 0.01071 =  1.04715| GE-Loss: 0.00326  =  0.00326 | Time: 44.46
ari0.2724619014462697
[0.01, 0.01, 0.01, 0.01, 0.01]
Epoch: 10 | GAE-Loss: 0.97103 + 0.01540 + 0.23851 =  1.22494| GE-Loss: 0.00330  =  0.00330 | Time: 70.89
ari0.2764992846343978
[0.01, 0.01, 0.01, 0.01, 0.01]
Epoch: 15 | GAE-Loss: 0.94213 + 0.01541 + 0.16995 =  1.12749| GE-Loss: 0.00314  =  0.00314 | Time: 94.93
ari0.32602525189776105
[0.01, 0.01, 0.01, 0.01, 0.01]
Epoch: 20 | GAE-Loss: 0.93603 + 0.01540 + 0.21974 =  1.17118| GE-Loss: 0.00307  =  0.00307 | Time: 119.29
ari0.3446337344935666
[0.01, 0.01, 0.01, 0.01, 0.01]
Epoch: 25 | GAE-Loss: 0.92317 + 0.01540 + 0.23703 =  1.17561| GE-Loss: 0.00308  =  0.00308 | Time: 142.40
ari0.3803387481276605
[0.01, 0.01, 0.01, 0.01, 0.01]
Epoch: 30 | GAE-Loss: 0.91335 + 0.01541 + 0.29571 =  1.22446| GE-Loss: 0.00307  =  0.00307 | Time: 164.20
ari0.4006176937973256
[0.01, 0.01, 0.01, 0.01, 0.01]
Epoch: 35 | GAE-Loss: 0.90831 + 0.01541 + 0.28858 =  1.21231| GE-Loss: 0.00304  =  0.00304 | Time: 184.28
ari0.42746028061515884
[0.01, 0.01, 0.01, 0.01, 0.01]
Epoch: 40 | GAE-Loss: 0.90232 + 0.01540 + 0.32849 =  1.24622| GE-Loss: 0.00304  =  0.00304 | Time: 204.47
ari0.4687762863575604
[0.01, 0.01, 0.01, 0.01, 0.01]
Epoch: 45 | GAE-Loss: 0.89758 + 0.01540 + 0.32970 =  1.24267| GE-Loss: 0.00303  =  0.00303 | Time: 226.44
ari0.4927746374994913
[0.01, 0.01, 0.01, 0.01, 0.01]
Epoch: 50 | GAE-Loss: 0.89211 + 0.01540 + 0.34140 =  1.24891| GE-Loss: 0.00302  =  0.00302 | Time: 253.85
ari0.49350045124430586
[0.01, 0.01, 0.01, 0.01, 0.01]
Epoch: 55 | GAE-Loss: 0.88519 + 0.01540 + 0.38879 =  1.28939| GE-Loss: 0.00301  =  0.00301 | Time: 280.24
ari0.4829727427014447
[0.01, 0.01, 0.01, 0.01, 0.01]
Epoch: 60 | GAE-Loss: 0.87832 + 0.01540 + 0.40053 =  1.29425| GE-Loss: 0.00301  =  0.00301 | Time: 306.96
ari0.5050339268947598
[0.01, 0.01, 0.01, 0.01, 0.01]
Epoch: 65 | GAE-Loss: 0.87476 + 0.01540 + 0.39654 =  1.28670| GE-Loss: 0.00301  =  0.00301 | Time: 334.11
ari0.5124480167069924
[0.01, 0.01, 0.01, 0.01, 0.01]
Epoch: 70 | GAE-Loss: 0.87091 + 0.01540 + 0.41316 =  1.29948| GE-Loss: 0.00300  =  0.00300 | Time: 363.02
ari0.5491990394888211
[0.01, 0.01, 0.01, 0.01, 0.01]
Epoch: 75 | GAE-Loss: 0.86790 + 0.01540 + 0.41449 =  1.29779| GE-Loss: 0.00300  =  0.00300 | Time: 390.43
ari0.5313158607783749
[0.01, 0.01, 0.01, 0.01, 0.01]
Epoch: 80 | GAE-Loss: 0.86538 + 0.01540 + 0.42386 =  1.30464| GE-Loss: 0.00300  =  0.00300 | Time: 417.86
ari0.5360282649750316
[0.01, 0.01, 0.01, 0.01, 0.01]
Epoch: 85 | GAE-Loss: 0.86318 + 0.01540 + 0.42118 =  1.29975| GE-Loss: 0.00300  =  0.00300 | Time: 447.13
ari0.5221418370099231
[0.01, 0.01, 0.01, 0.01, 0.01]
Epoch: 90 | GAE-Loss: 0.86188 + 0.01540 + 0.42368 =  1.30095| GE-Loss: 0.00300  =  0.00300 | Time: 476.11
ari0.5149412315311864
[0.01, 0.01, 0.01, 0.01, 0.01]
Epoch: 95 | GAE-Loss: 0.86109 + 0.01540 + 0.42131 =  1.29780| GE-Loss: 0.00300  =  0.00300 | Time: 503.97
ari0.51460414677635
[0.01, 0.01, 0.01, 0.01, 0.01]
Epoch: 100 | GAE-Loss: 0.85977 + 0.01540 + 0.41940 =  1.29456| GE-Loss: 0.00300  =  0.00300 | Time: 534.98
ari0.5092945788470936
[0.01, 0.01, 0.01, 0.01, 0.01]
Epoch: 105 | GAE-Loss: 0.85825 + 0.01540 + 0.42388 =  1.29753| GE-Loss: 0.00300  =  0.00300 | Time: 563.63
ari0.5022310558976588
[0.01, 0.01, 0.01, 0.01, 0.01]
Epoch: 110 | GAE-Loss: 0.85608 + 0.01540 + 0.41040 =  1.28188| GE-Loss: 0.00300  =  0.00300 | Time: 596.79
ari0.5091533632598206
[0.01, 0.01, 0.01, 0.01, 0.01]
Epoch: 115 | GAE-Loss: 0.85426 + 0.01540 + 0.41655 =  1.28621| GE-Loss: 0.00300  =  0.00300 | Time: 631.39
ari0.5044204599300307
[0.01, 0.01, 0.01, 0.01, 0.01]
Epoch: 120 | GAE-Loss: 0.85223 + 0.01540 + 0.42424 =  1.29186| GE-Loss: 0.00300  =  0.00300 | Time: 667.44
ari0.519569779238351
[0.01, 0.01, 0.01, 0.01, 0.01]
Epoch: 125 | GAE-Loss: 0.85019 + 0.01540 + 0.40958 =  1.27516| GE-Loss: 0.00300  =  0.00300 | Time: 702.81
ari0.5508228413872313
[0.01, 0.01, 0.01, 0.01, 0.01]
Epoch: 130 | GAE-Loss: 0.84873 + 0.01540 + 0.40898 =  1.27311| GE-Loss: 0.00300  =  0.00300 | Time: 739.96
ari0.6046558159110809
[0.01, 0.01, 0.01, 0.01, 0.01]
ari 0.60002
Number of Samples: 3798
Views: 4
VIEW-0 DateSize: 3798 * 1000 
VIEW-1 DateSize: 3798 * 1000 
VIEW-2 DateSize: 3798 * 1000 
VIEW-3 DateSize: 3798 * 1000 
VIEW-0 Edges: 38952 
VIEW-1 Edges: 61832 
VIEW-2 Edges: 38952 
VIEW-3 Edges: 36546 
Mutual Information Matrix Size:  (3798, 22)
20
Training Start
Epoch: 05 | GAE-Loss: 1.03063 + 0.01540 + 0.00598 =  1.05201| GE-Loss: 0.00328  =  0.00328 | Time: 48.79
ari0.1296651353978165
[0.01, 0.01, 0.01, 0.01, 0.01]
Epoch: 10 | GAE-Loss: 0.98329 + 0.01540 + 0.09344 =  1.09212| GE-Loss: 0.00335  =  0.00335 | Time: 85.46
ari0.3211993612457082
[0.01, 0.01, 0.01, 0.01, 0.01]
Epoch: 15 | GAE-Loss: 0.94065 + 0.01540 + 0.20043 =  1.15648| GE-Loss: 0.00317  =  0.00317 | Time: 117.42
ari0.327667746307963
[0.01, 0.01, 0.01, 0.01, 0.01]
Epoch: 20 | GAE-Loss: 0.92550 + 0.01539 + 0.17153 =  1.11243| GE-Loss: 0.00307  =  0.00307 | Time: 151.05
ari0.37191490848408526
[0.01, 0.01, 0.01, 0.01, 0.01]
Epoch: 25 | GAE-Loss: 0.91666 + 0.01539 + 0.25732 =  1.18938| GE-Loss: 0.00308  =  0.00308 | Time: 179.55
ari0.37490709419318474
[0.01, 0.01, 0.01, 0.01, 0.01]
Epoch: 30 | GAE-Loss: 0.90945 + 0.01540 + 0.24636 =  1.17121| GE-Loss: 0.00308  =  0.00308 | Time: 202.40
ari0.3792229182315422
[0.01, 0.01, 0.01, 0.01, 0.01]
Epoch: 35 | GAE-Loss: 0.90360 + 0.01540 + 0.26374 =  1.18273| GE-Loss: 0.00305  =  0.00305 | Time: 227.91
ari0.41838925386695425
[0.01, 0.01, 0.01, 0.01, 0.01]
Epoch: 40 | GAE-Loss: 0.89566 + 0.01540 + 0.30911 =  1.22016| GE-Loss: 0.00304  =  0.00304 | Time: 251.95
ari0.42462200515867177
[0.01, 0.01, 0.01, 0.01, 0.01]
Epoch: 45 | GAE-Loss: 0.89005 + 0.01540 + 0.33612 =  1.24157| GE-Loss: 0.00303  =  0.00303 | Time: 272.33
ari0.4358941489194858
[0.01, 0.01, 0.01, 0.01, 0.01]
Epoch: 50 | GAE-Loss: 0.88583 + 0.01540 + 0.32910 =  1.23032| GE-Loss: 0.00302  =  0.00302 | Time: 295.00
ari0.4662923324889199
[0.01, 0.01, 0.01, 0.01, 0.01]
Epoch: 55 | GAE-Loss: 0.87969 + 0.01540 + 0.35058 =  1.24566| GE-Loss: 0.00302  =  0.00302 | Time: 321.04
ari0.510329802435127
[0.01, 0.01, 0.01, 0.01, 0.01]
Epoch: 60 | GAE-Loss: 0.87548 + 0.01539 + 0.36936 =  1.26023| GE-Loss: 0.00301  =  0.00301 | Time: 345.71
ari0.5331076959699957
[0.01, 0.01, 0.01, 0.01, 0.01]
Epoch: 65 | GAE-Loss: 0.87305 + 0.01539 + 0.37531 =  1.26376| GE-Loss: 0.00301  =  0.00301 | Time: 373.27
ari0.5443475927816374
[0.01, 0.01, 0.01, 0.01, 0.01]
Epoch: 70 | GAE-Loss: 0.87110 + 0.01539 + 0.40271 =  1.28921| GE-Loss: 0.00300  =  0.00300 | Time: 398.54
ari0.5499700299756387
[0.01, 0.01, 0.01, 0.01, 0.01]
Epoch: 75 | GAE-Loss: 0.86931 + 0.01539 + 0.38271 =  1.26742| GE-Loss: 0.00300  =  0.00300 | Time: 420.12
ari0.5501413662290272
[0.01, 0.01, 0.01, 0.01, 0.01]
Epoch: 80 | GAE-Loss: 0.86795 + 0.01539 + 0.39615 =  1.27949| GE-Loss: 0.00300  =  0.00300 | Time: 443.43
ari0.5531346479285602
[0.01, 0.01, 0.01, 0.01, 0.01]
Epoch: 85 | GAE-Loss: 0.86703 + 0.01539 + 0.39332 =  1.27575| GE-Loss: 0.00300  =  0.00300 | Time: 469.16
ari0.5767712096280755
[0.01, 0.01, 0.01, 0.01, 0.01]
Epoch: 90 | GAE-Loss: 0.86562 + 0.01539 + 0.40031 =  1.28132| GE-Loss: 0.00299  =  0.00299 | Time: 495.90
ari0.5696269695011562
[0.01, 0.01, 0.01, 0.01, 0.01]
Epoch: 95 | GAE-Loss: 0.86458 + 0.01539 + 0.39985 =  1.27983| GE-Loss: 0.00299  =  0.00299 | Time: 524.61
ari0.5661081968755979
[0.01, 0.01, 0.01, 0.01, 0.01]
Epoch: 100 | GAE-Loss: 0.86391 + 0.01539 + 0.40400 =  1.28330| GE-Loss: 0.00299  =  0.00299 | Time: 556.87
ari0.5704245761674247
[0.01, 0.01, 0.01, 0.01, 0.01]
Epoch: 105 | GAE-Loss: 0.86308 + 0.01539 + 0.39632 =  1.27479| GE-Loss: 0.00299  =  0.00299 | Time: 586.63
ari0.573446938559961
[0.01, 0.01, 0.01, 0.01, 0.01]
Epoch: 110 | GAE-Loss: 0.86142 + 0.01539 + 0.38478 =  1.26160| GE-Loss: 0.00299  =  0.00299 | Time: 615.35
ari0.572674769767661
[0.01, 0.01, 0.01, 0.01, 0.01]
Epoch: 115 | GAE-Loss: 0.85976 + 0.01539 + 0.40046 =  1.27562| GE-Loss: 0.00299  =  0.00299 | Time: 643.85
ari0.5733565314579413
[0.01, 0.01, 0.01, 0.01, 0.01]
Epoch: 120 | GAE-Loss: 0.85643 + 0.01539 + 0.41894 =  1.29077| GE-Loss: 0.00299  =  0.00299 | Time: 676.49
ari0.5679911540662206
[0.01, 0.01, 0.01, 0.01, 0.01]
Epoch: 125 | GAE-Loss: 0.85444 + 0.01539 + 0.43074 =  1.30058| GE-Loss: 0.00299  =  0.00299 | Time: 708.87
ari0.5658592318058128
[0.01, 0.01, 0.01, 0.01, 0.01]
Epoch: 130 | GAE-Loss: 0.85278 + 0.01539 + 0.43720 =  1.30537| GE-Loss: 0.00299  =  0.00299 | Time: 739.19
ari0.6137877631264351
[0.01, 0.01, 0.01, 0.01, 0.01]
ari 0.60809
Number of Samples: 3798
Views: 4
VIEW-0 DateSize: 3798 * 1000 
VIEW-1 DateSize: 3798 * 1000 
VIEW-2 DateSize: 3798 * 1000 
VIEW-3 DateSize: 3798 * 1000 
VIEW-0 Edges: 38952 
VIEW-1 Edges: 61832 
VIEW-2 Edges: 38952 
VIEW-3 Edges: 36546 
Mutual Information Matrix Size:  (3798, 22)
20
Training Start
Epoch: 05 | GAE-Loss: 1.00883 + 0.01541 + 0.03270 =  1.05695| GE-Loss: 0.00324  =  0.00324 | Time: 39.72
ari0.19162057685108155
[0.01, 0.01, 0.01, 0.01, 0.01]
Epoch: 10 | GAE-Loss: 0.96882 + 0.01542 + 0.18593 =  1.17017| GE-Loss: 0.00326  =  0.00326 | Time: 74.00
ari0.30507730773867675
[0.01, 0.01, 0.01, 0.01, 0.01]
Epoch: 15 | GAE-Loss: 0.94513 + 0.01542 + 0.17849 =  1.13904| GE-Loss: 0.00311  =  0.00311 | Time: 99.74
ari0.3114269731819441
[0.01, 0.01, 0.01, 0.01, 0.01]
Epoch: 20 | GAE-Loss: 0.92174 + 0.01542 + 0.32119 =  1.25835| GE-Loss: 0.00307  =  0.00307 | Time: 117.86
ari0.2941007586535573
[0.01, 0.01, 0.01, 0.01, 0.01]
Epoch: 25 | GAE-Loss: 0.90988 + 0.01542 + 0.33886 =  1.26416| GE-Loss: 0.00307  =  0.00307 | Time: 137.89
ari0.3566043165737942
[0.01, 0.01, 0.01, 0.01, 0.01]
Epoch: 30 | GAE-Loss: 0.90016 + 0.01542 + 0.34049 =  1.25607| GE-Loss: 0.00304  =  0.00304 | Time: 158.97
ari0.4268555201261682
[0.01, 0.01, 0.01, 0.01, 0.01]
Epoch: 35 | GAE-Loss: 0.89270 + 0.01542 + 0.37034 =  1.27846| GE-Loss: 0.00302  =  0.00302 | Time: 183.66
ari0.45816295034522064
[0.01, 0.01, 0.01, 0.01, 0.01]
Epoch: 40 | GAE-Loss: 0.88817 + 0.01542 + 0.37675 =  1.28034| GE-Loss: 0.00301  =  0.00301 | Time: 206.19
ari0.4744750037334722
[0.01, 0.01, 0.01, 0.01, 0.01]
Epoch: 45 | GAE-Loss: 0.88393 + 0.01542 + 0.34201 =  1.24136| GE-Loss: 0.00300  =  0.00300 | Time: 229.33
ari0.5054241493967475
[0.01, 0.01, 0.01, 0.01, 0.01]
Epoch: 50 | GAE-Loss: 0.88008 + 0.01542 + 0.36280 =  1.25830| GE-Loss: 0.00300  =  0.00300 | Time: 258.05
ari0.5319150716942866
[0.01, 0.01, 0.01, 0.01, 0.01]
Epoch: 55 | GAE-Loss: 0.87486 + 0.01542 + 0.37667 =  1.26695| GE-Loss: 0.00300  =  0.00300 | Time: 282.88
ari0.5235574900917265
[0.01, 0.01, 0.01, 0.01, 0.01]
Epoch: 60 | GAE-Loss: 0.87162 + 0.01542 + 0.39387 =  1.28092| GE-Loss: 0.00299  =  0.00299 | Time: 306.65
ari0.5341509961250581
[0.01, 0.01, 0.01, 0.01, 0.01]
Epoch: 65 | GAE-Loss: 0.86975 + 0.01542 + 0.37130 =  1.25647| GE-Loss: 0.00299  =  0.00299 | Time: 338.84
ari0.5477179414100788
[0.01, 0.01, 0.01, 0.01, 0.01]
Epoch: 70 | GAE-Loss: 0.86787 + 0.01542 + 0.38486 =  1.26815| GE-Loss: 0.00298  =  0.00298 | Time: 371.92
ari0.5493054727201402
[0.01, 0.01, 0.01, 0.01, 0.01]
Epoch: 75 | GAE-Loss: 0.86635 + 0.01542 + 0.38586 =  1.26763| GE-Loss: 0.00298  =  0.00298 | Time: 401.23
ari0.5508492677517627
[0.01, 0.01, 0.01, 0.01, 0.01]
Epoch: 80 | GAE-Loss: 0.86530 + 0.01542 + 0.37754 =  1.25825| GE-Loss: 0.00298  =  0.00298 | Time: 425.57
ari0.5583345912179877
[0.01, 0.01, 0.01, 0.01, 0.01]
Epoch: 85 | GAE-Loss: 0.86416 + 0.01542 + 0.37932 =  1.25890| GE-Loss: 0.00298  =  0.00298 | Time: 457.97
ari0.5652113461472128
[0.01, 0.01, 0.01, 0.01, 0.01]
Epoch: 90 | GAE-Loss: 0.86329 + 0.01542 + 0.37596 =  1.25467| GE-Loss: 0.00298  =  0.00298 | Time: 483.75
ari0.5928347137772417
[0.01, 0.01, 0.01, 0.01, 0.01]
Epoch: 95 | GAE-Loss: 0.86217 + 0.01542 + 0.35949 =  1.23708| GE-Loss: 0.00297  =  0.00297 | Time: 512.41
ari0.5926348348516605
[0.01, 0.01, 0.01, 0.01, 0.01]
Epoch: 100 | GAE-Loss: 0.86048 + 0.01542 + 0.36908 =  1.24498| GE-Loss: 0.00297  =  0.00297 | Time: 544.22
ari0.5881503789416345
[0.01, 0.01, 0.01, 0.01, 0.01]
Epoch: 105 | GAE-Loss: 0.85811 + 0.01542 + 0.36932 =  1.24285| GE-Loss: 0.00297  =  0.00297 | Time: 571.55
ari0.592830941520829
[0.01, 0.01, 0.01, 0.01, 0.01]
Epoch: 110 | GAE-Loss: 0.85659 + 0.01542 + 0.37525 =  1.24726| GE-Loss: 0.00297  =  0.00297 | Time: 598.64
ari0.6048727566066362
[0.01, 0.01, 0.01, 0.01, 0.01]
Epoch: 115 | GAE-Loss: 0.85491 + 0.01542 + 0.37218 =  1.24251| GE-Loss: 0.00297  =  0.00297 | Time: 626.46
ari0.6135328903198818
[0.01, 0.01, 0.01, 0.01, 0.01]
Epoch: 120 | GAE-Loss: 0.85382 + 0.01542 + 0.35895 =  1.22819| GE-Loss: 0.00297  =  0.00297 | Time: 649.99
ari0.6171840813700754
[0.01, 0.01, 0.01, 0.01, 0.01]
Epoch: 125 | GAE-Loss: 0.85346 + 0.01542 + 0.38712 =  1.25599| GE-Loss: 0.00297  =  0.00297 | Time: 676.66
ari0.6057947396184071
[0.01, 0.01, 0.01, 0.01, 0.01]
Epoch: 130 | GAE-Loss: 0.85347 + 0.01542 + 0.37550 =  1.24438| GE-Loss: 0.00297  =  0.00297 | Time: 703.23
ari0.5979866991564197
[0.01, 0.01, 0.01, 0.01, 0.01]
ari 0.61081
Number of Samples: 3798
Views: 4
VIEW-0 DateSize: 3798 * 1000 
VIEW-1 DateSize: 3798 * 1000 
VIEW-2 DateSize: 3798 * 1000 
VIEW-3 DateSize: 3798 * 1000 
VIEW-0 Edges: 38952 
VIEW-1 Edges: 61832 
VIEW-2 Edges: 38952 
VIEW-3 Edges: 36546 
Mutual Information Matrix Size:  (3798, 22)
20
Training Start
Epoch: 05 | GAE-Loss: 1.02648 + 0.01531 + 0.01232 =  1.05411| GE-Loss: 0.00325  =  0.00325 | Time: 38.48
ari0.2119729841494388
[0.01, 0.01, 0.01, 0.01, 0.01]
Epoch: 10 | GAE-Loss: 0.95853 + 0.01530 + 0.12921 =  1.10304| GE-Loss: 0.00328  =  0.00328 | Time: 67.75
ari0.3562445160629202
[0.01, 0.01, 0.01, 0.01, 0.01]
Epoch: 15 | GAE-Loss: 0.93712 + 0.01530 + 0.27343 =  1.22585| GE-Loss: 0.00312  =  0.00312 | Time: 93.16
ari0.36563640541267006
[0.01, 0.01, 0.01, 0.01, 0.01]
Epoch: 20 | GAE-Loss: 0.92115 + 0.01531 + 0.21598 =  1.15244| GE-Loss: 0.00307  =  0.00307 | Time: 116.26
ari0.35625414790895377
[0.01, 0.01, 0.01, 0.01, 0.01]
Epoch: 25 | GAE-Loss: 0.91051 + 0.01531 + 0.27498 =  1.20080| GE-Loss: 0.00308  =  0.00308 | Time: 138.45
ari0.3637397468084596
[0.01, 0.01, 0.01, 0.01, 0.01]
Epoch: 30 | GAE-Loss: 0.90749 + 0.01530 + 0.25787 =  1.18066| GE-Loss: 0.00306  =  0.00306 | Time: 161.08
ari0.390721806464109
[0.01, 0.01, 0.01, 0.01, 0.01]
Epoch: 35 | GAE-Loss: 0.90369 + 0.01530 + 0.27145 =  1.19045| GE-Loss: 0.00303  =  0.00303 | Time: 182.76
ari0.42837522419934565
[0.01, 0.01, 0.01, 0.01, 0.01]
Epoch: 40 | GAE-Loss: 0.90096 + 0.01530 + 0.25970 =  1.17597| GE-Loss: 0.00302  =  0.00302 | Time: 203.25
ari0.45264000223104106
[0.01, 0.01, 0.01, 0.01, 0.01]
Epoch: 45 | GAE-Loss: 0.89957 + 0.01530 + 0.27302 =  1.18790| GE-Loss: 0.00302  =  0.00302 | Time: 222.86
ari0.46413387623152097
[0.01, 0.01, 0.01, 0.01, 0.01]
Epoch: 50 | GAE-Loss: 0.89615 + 0.01530 + 0.26868 =  1.18013| GE-Loss: 0.00301  =  0.00301 | Time: 243.18
ari0.4790347969963913
[0.01, 0.01, 0.01, 0.01, 0.01]
Epoch: 55 | GAE-Loss: 0.88985 + 0.01530 + 0.30107 =  1.20623| GE-Loss: 0.00301  =  0.00301 | Time: 260.90
ari0.4786706213145512
[0.01, 0.01, 0.01, 0.01, 0.01]
Epoch: 60 | GAE-Loss: 0.88643 + 0.01530 + 0.35244 =  1.25417| GE-Loss: 0.00300  =  0.00300 | Time: 281.18
ari0.4886341327989793
[0.01, 0.01, 0.01, 0.01, 0.01]
Epoch: 65 | GAE-Loss: 0.88347 + 0.01530 + 0.33383 =  1.23260| GE-Loss: 0.00300  =  0.00300 | Time: 301.42
ari0.49335440603307457
[0.01, 0.01, 0.01, 0.01, 0.01]
Epoch: 70 | GAE-Loss: 0.88198 + 0.01530 + 0.34221 =  1.23949| GE-Loss: 0.00300  =  0.00300 | Time: 324.13
ari0.5010205554669803
[0.01, 0.01, 0.01, 0.01, 0.01]
Epoch: 75 | GAE-Loss: 0.88066 + 0.01530 + 0.38582 =  1.28178| GE-Loss: 0.00300  =  0.00300 | Time: 354.49
ari0.49824655915868105
[0.01, 0.01, 0.01, 0.01, 0.01]
Epoch: 80 | GAE-Loss: 0.87962 + 0.01530 + 0.35970 =  1.25462| GE-Loss: 0.00299  =  0.00299 | Time: 388.29
ari0.49917754564159306
[0.01, 0.01, 0.01, 0.01, 0.01]
Epoch: 85 | GAE-Loss: 0.87833 + 0.01530 + 0.37221 =  1.26584| GE-Loss: 0.00299  =  0.00299 | Time: 418.37
ari0.5063900070991357
[0.01, 0.01, 0.01, 0.01, 0.01]
Epoch: 90 | GAE-Loss: 0.87644 + 0.01530 + 0.37379 =  1.26553| GE-Loss: 0.00299  =  0.00299 | Time: 448.82
ari0.5047173992877565
[0.01, 0.01, 0.01, 0.01, 0.01]
Epoch: 95 | GAE-Loss: 0.87289 + 0.01530 + 0.36305 =  1.25124| GE-Loss: 0.00299  =  0.00299 | Time: 480.03
ari0.5043126015370685
[0.01, 0.01, 0.01, 0.01, 0.01]
Epoch: 100 | GAE-Loss: 0.87076 + 0.01530 + 0.37752 =  1.26358| GE-Loss: 0.00299  =  0.00299 | Time: 510.06
ari0.5184775457971514
[0.01, 0.01, 0.01, 0.01, 0.01]
Epoch: 105 | GAE-Loss: 0.86844 + 0.01530 + 0.34403 =  1.22776| GE-Loss: 0.00299  =  0.00299 | Time: 540.37
ari0.5311418044478619
[0.01, 0.01, 0.01, 0.01, 0.01]
Epoch: 110 | GAE-Loss: 0.86632 + 0.01530 + 0.36658 =  1.24820| GE-Loss: 0.00299  =  0.00299 | Time: 571.62
ari0.5289628868434381
[0.01, 0.01, 0.01, 0.01, 0.01]
Epoch: 115 | GAE-Loss: 0.86465 + 0.01530 + 0.36073 =  1.24068| GE-Loss: 0.00299  =  0.00299 | Time: 604.47
ari0.5510800307841051
[0.01, 0.01, 0.01, 0.01, 0.01]
Epoch: 120 | GAE-Loss: 0.86100 + 0.01530 + 0.38301 =  1.25930| GE-Loss: 0.00299  =  0.00299 | Time: 636.18
ari0.5490534806984496
[0.01, 0.01, 0.01, 0.01, 0.01]
Epoch: 125 | GAE-Loss: 0.85993 + 0.01530 + 0.37908 =  1.25431| GE-Loss: 0.00299  =  0.00299 | Time: 668.90
ari0.556620947892813
[0.01, 0.01, 0.01, 0.01, 0.01]
Epoch: 130 | GAE-Loss: 0.85838 + 0.01530 + 0.37172 =  1.24540| GE-Loss: 0.00299  =  0.00299 | Time: 699.85
ari0.555275257836391
[0.01, 0.01, 0.01, 0.01, 0.01]
ari 0.54897
Number of Samples: 3798
Views: 4
VIEW-0 DateSize: 3798 * 1000 
VIEW-1 DateSize: 3798 * 1000 
VIEW-2 DateSize: 3798 * 1000 
VIEW-3 DateSize: 3798 * 1000 
VIEW-0 Edges: 38952 
VIEW-1 Edges: 61832 
VIEW-2 Edges: 38952 
VIEW-3 Edges: 36546 
Mutual Information Matrix Size:  (3798, 22)
20
Training Start
Epoch: 05 | GAE-Loss: 0.99115 + 0.01529 + 0.08731 =  1.09375| GE-Loss: 0.00324  =  0.00324 | Time: 41.22
ari0.2735798056231285
[0.01, 0.01, 0.01, 0.01, 0.01]
Epoch: 10 | GAE-Loss: 0.96889 + 0.01529 + 0.16702 =  1.15121| GE-Loss: 0.00325  =  0.00325 | Time: 76.33
ari0.2230832218552941
[0.01, 0.01, 0.01, 0.01, 0.01]
Epoch: 15 | GAE-Loss: 0.95545 + 0.01529 + 0.17940 =  1.15015| GE-Loss: 0.00310  =  0.00310 | Time: 107.96
ari0.30926128934751274
[0.01, 0.01, 0.01, 0.01, 0.01]
Epoch: 20 | GAE-Loss: 0.93129 + 0.01529 + 0.27074 =  1.21732| GE-Loss: 0.00308  =  0.00308 | Time: 136.65
ari0.3426684571147838
[0.01, 0.01, 0.01, 0.01, 0.01]
Epoch: 25 | GAE-Loss: 0.92225 + 0.01529 + 0.22882 =  1.16637| GE-Loss: 0.00308  =  0.00308 | Time: 160.55
ari0.356769049109637
[0.01, 0.01, 0.01, 0.01, 0.01]
Epoch: 30 | GAE-Loss: 0.91407 + 0.01529 + 0.26403 =  1.19339| GE-Loss: 0.00306  =  0.00306 | Time: 185.01
ari0.3630261385042886
[0.01, 0.01, 0.01, 0.01, 0.01]
Epoch: 35 | GAE-Loss: 0.90561 + 0.01529 + 0.23893 =  1.15983| GE-Loss: 0.00305  =  0.00305 | Time: 206.20
ari0.37530519231628606
[0.01, 0.01, 0.01, 0.01, 0.01]
Epoch: 40 | GAE-Loss: 0.89877 + 0.01529 + 0.26432 =  1.17838| GE-Loss: 0.00305  =  0.00305 | Time: 228.52
ari0.38505918803326783
[0.01, 0.01, 0.01, 0.01, 0.01]
Epoch: 45 | GAE-Loss: 0.89487 + 0.01529 + 0.26724 =  1.17740| GE-Loss: 0.00304  =  0.00304 | Time: 250.86
ari0.39742677529862
[0.01, 0.01, 0.01, 0.01, 0.01]
Epoch: 50 | GAE-Loss: 0.89124 + 0.01529 + 0.25885 =  1.16538| GE-Loss: 0.00304  =  0.00304 | Time: 276.01
ari0.40848388266657887
[0.01, 0.01, 0.01, 0.01, 0.01]
Epoch: 55 | GAE-Loss: 0.88741 + 0.01529 + 0.29533 =  1.19803| GE-Loss: 0.00304  =  0.00304 | Time: 302.04
ari0.4274497142087202
[0.01, 0.01, 0.01, 0.01, 0.01]
Epoch: 60 | GAE-Loss: 0.88356 + 0.01529 + 0.30405 =  1.20290| GE-Loss: 0.00303  =  0.00303 | Time: 326.07
ari0.45204144678468433
[0.01, 0.01, 0.01, 0.01, 0.01]
Epoch: 65 | GAE-Loss: 0.87854 + 0.01529 + 0.32965 =  1.22347| GE-Loss: 0.00303  =  0.00303 | Time: 347.06
ari0.46589839194254684
[0.01, 0.01, 0.01, 0.01, 0.01]
Epoch: 70 | GAE-Loss: 0.87483 + 0.01529 + 0.31842 =  1.20855| GE-Loss: 0.00303  =  0.00303 | Time: 367.67
ari0.4775144624004941
[0.01, 0.01, 0.01, 0.01, 0.01]
Epoch: 75 | GAE-Loss: 0.87252 + 0.01529 + 0.31898 =  1.20680| GE-Loss: 0.00303  =  0.00303 | Time: 394.32
ari0.4875905401654415
[0.01, 0.01, 0.01, 0.01, 0.01]
Epoch: 80 | GAE-Loss: 0.86999 + 0.01529 + 0.31820 =  1.20349| GE-Loss: 0.00303  =  0.00303 | Time: 418.51
ari0.5149858171902377
[0.01, 0.01, 0.01, 0.01, 0.01]
Epoch: 85 | GAE-Loss: 0.86717 + 0.01529 + 0.31165 =  1.19412| GE-Loss: 0.00303  =  0.00303 | Time: 440.79
ari0.5433206077999764
[0.01, 0.01, 0.01, 0.01, 0.01]
Epoch: 90 | GAE-Loss: 0.86479 + 0.01529 + 0.32373 =  1.20381| GE-Loss: 0.00303  =  0.00303 | Time: 465.26
ari0.5502335873157075
[0.01, 0.01, 0.01, 0.01, 0.01]
Epoch: 95 | GAE-Loss: 0.86192 + 0.01529 + 0.34476 =  1.22198| GE-Loss: 0.00303  =  0.00303 | Time: 487.03
ari0.5501922174922036
[0.01, 0.01, 0.01, 0.01, 0.01]
Epoch: 100 | GAE-Loss: 0.85969 + 0.01530 + 0.34973 =  1.22471| GE-Loss: 0.00303  =  0.00303 | Time: 509.69
ari0.5607247375821651
[0.01, 0.01, 0.01, 0.01, 0.01]
Epoch: 105 | GAE-Loss: 0.85801 + 0.01529 + 0.34716 =  1.22046| GE-Loss: 0.00303  =  0.00303 | Time: 531.03
ari0.5594603912384561
[0.01, 0.01, 0.01, 0.01, 0.01]
Epoch: 110 | GAE-Loss: 0.85576 + 0.01529 + 0.36155 =  1.23260| GE-Loss: 0.00303  =  0.00303 | Time: 553.06
ari0.5497512922753068
[0.01, 0.01, 0.01, 0.01, 0.01]
Epoch: 115 | GAE-Loss: 0.85230 + 0.01530 + 0.37896 =  1.24656| GE-Loss: 0.00302  =  0.00302 | Time: 574.84
ari0.547941448316574
[0.01, 0.01, 0.01, 0.01, 0.01]
Epoch: 120 | GAE-Loss: 0.85146 + 0.01530 + 0.37447 =  1.24122| GE-Loss: 0.00302  =  0.00302 | Time: 597.95
ari0.5283342101195446
[0.01, 0.01, 0.01, 0.01, 0.01]
Epoch: 125 | GAE-Loss: 0.85002 + 0.01530 + 0.38281 =  1.24812| GE-Loss: 0.00302  =  0.00302 | Time: 621.43
ari0.5442024579701928
[0.01, 0.01, 0.01, 0.01, 0.01]
Epoch: 130 | GAE-Loss: 0.84809 + 0.01530 + 0.38376 =  1.24715| GE-Loss: 0.00302  =  0.00302 | Time: 642.64
ari0.5954679494292233
[0.01, 0.01, 0.01, 0.01, 0.01]
ari 0.61858
Number of Samples: 3798
Views: 4
VIEW-0 DateSize: 3798 * 1000 
VIEW-1 DateSize: 3798 * 1000 
VIEW-2 DateSize: 3798 * 1000 
VIEW-3 DateSize: 3798 * 1000 
VIEW-0 Edges: 38952 
VIEW-1 Edges: 61832 
VIEW-2 Edges: 38952 
VIEW-3 Edges: 36546 
Mutual Information Matrix Size:  (3798, 22)
20
Training Start
Epoch: 05 | GAE-Loss: 1.03305 + 0.01548 + 0.00532 =  1.05385| GE-Loss: 0.00324  =  0.00324 | Time: 40.53
ari0.1331940160487527
[0.01, 0.01, 0.01, 0.01, 0.01]
Epoch: 10 | GAE-Loss: 0.99984 + 0.01548 + 0.09681 =  1.11214| GE-Loss: 0.00325  =  0.00325 | Time: 73.63
ari0.16734261295509056
[0.01, 0.01, 0.01, 0.01, 0.01]
Epoch: 15 | GAE-Loss: 0.96562 + 0.01548 + 0.18928 =  1.17038| GE-Loss: 0.00311  =  0.00311 | Time: 103.23
ari0.2684308510359665
[0.01, 0.01, 0.01, 0.01, 0.01]
Epoch: 20 | GAE-Loss: 0.94280 + 0.01548 + 0.22486 =  1.18315| GE-Loss: 0.00307  =  0.00307 | Time: 130.33
ari0.2954639867012103
[0.01, 0.01, 0.01, 0.01, 0.01]
Epoch: 25 | GAE-Loss: 0.93431 + 0.01549 + 0.26656 =  1.21635| GE-Loss: 0.00308  =  0.00308 | Time: 155.87
ari0.3282731253948454
[0.01, 0.01, 0.01, 0.01, 0.01]
Epoch: 30 | GAE-Loss: 0.92159 + 0.01549 + 0.25700 =  1.19408| GE-Loss: 0.00306  =  0.00306 | Time: 182.37
ari0.33306985856933424
[0.01, 0.01, 0.01, 0.01, 0.01]
Epoch: 35 | GAE-Loss: 0.91521 + 0.01549 + 0.27586 =  1.20656| GE-Loss: 0.00305  =  0.00305 | Time: 207.81
ari0.3528877253518883
[0.01, 0.01, 0.01, 0.01, 0.01]
Epoch: 40 | GAE-Loss: 0.91044 + 0.01549 + 0.28445 =  1.21039| GE-Loss: 0.00305  =  0.00305 | Time: 232.91
ari0.33625627737208935
[0.01, 0.01, 0.01, 0.01, 0.01]
Epoch: 45 | GAE-Loss: 0.90724 + 0.01549 + 0.31027 =  1.23299| GE-Loss: 0.00304  =  0.00304 | Time: 260.00
ari0.3338508221500657
[0.01, 0.01, 0.01, 0.01, 0.01]
Epoch: 50 | GAE-Loss: 0.90302 + 0.01549 + 0.32185 =  1.24036| GE-Loss: 0.00303  =  0.00303 | Time: 290.59
ari0.33227681697674577
[0.01, 0.01, 0.01, 0.01, 0.01]
Epoch: 55 | GAE-Loss: 0.89864 + 0.01549 + 0.34396 =  1.25810| GE-Loss: 0.00302  =  0.00302 | Time: 321.26
ari0.3400914129194232
[0.01, 0.01, 0.01, 0.01, 0.01]
Epoch: 60 | GAE-Loss: 0.89548 + 0.01549 + 0.34032 =  1.25129| GE-Loss: 0.00302  =  0.00302 | Time: 346.35
ari0.35613054209703193
[0.01, 0.01, 0.01, 0.01, 0.01]
Epoch: 65 | GAE-Loss: 0.89156 + 0.01549 + 0.35462 =  1.26168| GE-Loss: 0.00302  =  0.00302 | Time: 369.08
ari0.3879887290312976
[0.01, 0.01, 0.01, 0.01, 0.01]
Epoch: 70 | GAE-Loss: 0.88830 + 0.01549 + 0.33377 =  1.23756| GE-Loss: 0.00302  =  0.00302 | Time: 394.05
ari0.4168141686228078
[0.01, 0.01, 0.01, 0.01, 0.01]
Epoch: 75 | GAE-Loss: 0.88585 + 0.01549 + 0.37167 =  1.27301| GE-Loss: 0.00302  =  0.00302 | Time: 418.23
ari0.4310918950553337
[0.01, 0.01, 0.01, 0.01, 0.01]
Epoch: 80 | GAE-Loss: 0.88325 + 0.01549 + 0.35895 =  1.25769| GE-Loss: 0.00301  =  0.00301 | Time: 442.44
ari0.4769439253274366
[0.01, 0.01, 0.01, 0.01, 0.01]
Epoch: 85 | GAE-Loss: 0.88090 + 0.01549 + 0.33780 =  1.23419| GE-Loss: 0.00301  =  0.00301 | Time: 471.38
ari0.49004097451922285
[0.01, 0.01, 0.01, 0.01, 0.01]
Epoch: 90 | GAE-Loss: 0.87815 + 0.01549 + 0.35665 =  1.25029| GE-Loss: 0.00301  =  0.00301 | Time: 500.93
ari0.5256578257443135
[0.01, 0.01, 0.01, 0.01, 0.01]
Epoch: 95 | GAE-Loss: 0.87484 + 0.01549 + 0.36696 =  1.25729| GE-Loss: 0.00301  =  0.00301 | Time: 527.81
ari0.5443680886684243
[0.01, 0.01, 0.01, 0.01, 0.01]
Epoch: 100 | GAE-Loss: 0.87259 + 0.01549 + 0.35822 =  1.24630| GE-Loss: 0.00301  =  0.00301 | Time: 558.96
ari0.5512224874615381
[0.01, 0.01, 0.01, 0.01, 0.01]
Epoch: 105 | GAE-Loss: 0.87055 + 0.01549 + 0.34230 =  1.22835| GE-Loss: 0.00301  =  0.00301 | Time: 588.01
ari0.5649538986524267
[0.01, 0.01, 0.01, 0.01, 0.01]
Epoch: 110 | GAE-Loss: 0.86885 + 0.01549 + 0.36332 =  1.24766| GE-Loss: 0.00301  =  0.00301 | Time: 616.45
ari0.5642794806904989
[0.01, 0.01, 0.01, 0.01, 0.01]
Epoch: 115 | GAE-Loss: 0.86785 + 0.01549 + 0.35166 =  1.23500| GE-Loss: 0.00301  =  0.00301 | Time: 646.53
ari0.5675740989237296
[0.01, 0.01, 0.01, 0.01, 0.01]
Epoch: 120 | GAE-Loss: 0.86584 + 0.01549 + 0.35837 =  1.23971| GE-Loss: 0.00300  =  0.00300 | Time: 679.09
ari0.5747321003372714
[0.01, 0.01, 0.01, 0.01, 0.01]
Epoch: 125 | GAE-Loss: 0.86204 + 0.01549 + 0.38886 =  1.26638| GE-Loss: 0.00300  =  0.00300 | Time: 707.24
ari0.5714384979178379
[0.01, 0.01, 0.01, 0.01, 0.01]
Epoch: 130 | GAE-Loss: 0.86092 + 0.01549 + 0.38616 =  1.26257| GE-Loss: 0.00300  =  0.00300 | Time: 737.10
ari0.5759955060298978
[0.01, 0.01, 0.01, 0.01, 0.01]
ari 0.58495
ARI: ave|0.611711 std|0.052090
[0.6712576304961232, 0.5263063553639191, 0.6959076337555552, 0.6522181792966762, 0.6000215444348397, 0.6080872736187032, 0.6108099056663621, 0.5489674461392724, 0.6185835130964772, 0.5849524441706286]
